<!DOCTYPE html PUBLIC "-//W3C//DTD XHTML 1.1//EN" "http://www.w3.org/TR/xhtml11/DTD/xhtml11.dtd">
<html xmlns="http://www.w3.org/1999/xhtml">
<head>
<title>TestNG:  Unit Test</title>
<style type="text/css">
table caption,table.info_table,table.result,table.passed,table.failed {margin-bottom:10px;border:1px solid #000099;border-collapse:collapse;empty-cells:show;}
table.info_table td,table.info_table th,table.result td,table.result th,table.passed td,table.passed th,table.failed td,table.failed th {
border:1px solid #000099;padding:.25em .5em .25em .5em
}
table.result th {vertical-align:bottom}
tr.param th {padding-left:1em;padding-right:1em}
tr.param td {padding-left:.5em;padding-right:2em}
td.numi,th.numi,td.numi_attn {
text-align:right
}
tr.total td {font-weight:bold}
table caption {
text-align:center;font-weight:bold;
}
table.passed tr.stripe td,table tr.passedodd td {background-color: #00AA00;}
table.passed td,table tr.passedeven td {background-color: #33FF33;}
table.passed tr.stripe td,table tr.skippedodd td {background-color: #cccccc;}
table.passed td,table tr.skippedodd td {background-color: #dddddd;}
table.failed tr.stripe td,table tr.failedodd td,table.result td.numi_attn {background-color: #FF3333;}
table.failed td,table tr.failedeven td,table.result tr.stripe td.numi_attn {background-color: #DD0000;}
tr.stripe td,tr.stripe th {background-color: #E6EBF9;}
p.totop {font-size:85%;text-align:center;border-bottom:2px black solid}
div.shootout {padding:2em;border:3px #4854A8 solid}
</style>
</head>
<body>
<table cellspacing="0" cellpadding="0" class="result">
<tr><th>Test</th><th class="numi">Methods<br/>Passed</th><th class="numi">Scenarios<br/>Passed</th><th class="numi"># skipped</th><th class="numi"># failed</th><th class="numi">Total<br/>Time</th><th class="numi">Included<br/>Groups</th><th class="numi">Excluded<br/>Groups</th></tr>
<tr><td style="text-align:left;padding-right:2em">Test</td><td class="numi">0</td><td class="numi">0</td><td class="numi_attn">2</td><td class="numi_attn">1</td><td class="numi">44.0 seconds</td><td class="numi"></td><td class="numi"></td></tr>
</table>
<table cellspacing="0" cellpadding="0" class="passed" id="summary">
<tr><th>Class</th><th>Method</th><th># of<br/>Scenarios</th><th>Start</th><th>Time<br/>(ms)</th></tr>
<tr><th colspan="4">Test &#8212; failed (configuration methods)</th></tr>
<tr class="failedodd"><td rowspan="1">script.VerifyProductVersion_Test</td><td><a href="#m1"><b>closeApp</b>  </a></td><td class="numi">1</td><td>1539281562786</td><td class="numi">0</td></tr>
<tr class="failedeven"><td rowspan="1">script.InvalidLogin_Test</td><td><a href="#m2"><b>closeApp</b>  </a></td><td class="numi">1</td><td>1539281562789</td><td class="numi">0</td></tr>
<tr class="failedodd"><td rowspan="1">script.VerifyProductVersion_Test</td><td><a href="#m3"><b>openApp</b>  </a></td><td class="numi">1</td><td>1539281557205</td><td class="numi">0</td></tr>
<tr><th colspan="4">Test &#8212; failed</th></tr>
<tr class="failedodd"><td rowspan="1">script.ValidLogin_Test</td><td><a href="#m4"><b>testValidLogin</b> (smoke, login) </a></td><td class="numi">1</td><td>1539281538063</td><td class="numi">12407</td></tr>
<tr><th colspan="4">Test &#8212; skipped (configuration methods)</th></tr>
<tr class="skippedodd"><td rowspan="1">script.InvalidLogin_Test</td><td><a href="#m5"><b>openApp</b>  </a></td><td class="numi">1</td><td>1539281562788</td><td class="numi">0</td></tr>
<tr><th colspan="4">Test &#8212; skipped</th></tr>
<tr class="skippedodd"><td rowspan="1">script.InvalidLogin_Test</td><td><a href="#m6"><b>testInvalidLogin</b> (login) </a></td><td class="numi">1</td><td>1539281562788</td><td class="numi">1</td></tr>
<tr class="skippedeven"><td rowspan="1">script.VerifyProductVersion_Test</td><td><a href="#m7"><b>testProductVerson</b> (smoke) </a></td><td class="numi">1</td><td>1539281562786</td><td class="numi">0</td></tr>
</table>
<h1>Test</h1>
<h2 id="m1">script.InvalidLogin_Test:closeApp</h2>
<table cellspacing="0" cellpadding="0" class="result">
<tr class="param"><th>Parameter #1</th></tr>
<tr class="param stripe"><td>[TestResult name=testInvalidLogin status=SKIP method=InvalidLogin_Test.testInvalidLogin()[pri:0, instance:script.InvalidLogin_Test@5d624da6] output={null}]</td>
</tr>
<tr><td style="padding-left:3em" colspan="1">
<h3>Test Messages</h3>
testInvalidLogin is FAILED<br/>
<h3>Failure</h3>
<p>null</p>
generic.BaseTest.closeApp(BaseTest.java:45)
<br/>at sun.reflect.NativeMethodAccessorImpl.invoke0(Native Method)
<br/>at sun.reflect.NativeMethodAccessorImpl.invoke(NativeMethodAccessorImpl.java:62)
<br/>at sun.reflect.DelegatingMethodAccessorImpl.invoke(DelegatingMethodAccessorImpl.java:43)
<br/>at java.lang.reflect.Method.invoke(Method.java:498)
<br/>at org.testng.internal.MethodInvocationHelper.invokeMethod(MethodInvocationHelper.java:80)
<br/>at org.testng.internal.Invoker.invokeConfigurationMethod(Invoker.java:564)
<br/>at org.testng.internal.Invoker.invokeConfigurations(Invoker.java:213)
<br/>at org.testng.internal.Invoker.invokeMethod(Invoker.java:786)
<br/>at org.testng.internal.Invoker.invokeTestMethod(Invoker.java:901)
<br/>at org.testng.internal.Invoker.invokeTestMethods(Invoker.java:1231)
<br/>at org.testng.internal.TestMethodWorker.invokeTestMethods(TestMethodWorker.java:127)
<br/>at org.testng.internal.TestMethodWorker.run(TestMethodWorker.java:111)
<br/>at org.testng.TestRunner.privateRun(TestRunner.java:767)
<br/>at org.testng.TestRunner.run(TestRunner.java:617)
<br/>at org.testng.SuiteRunner.runTest(SuiteRunner.java:334)
<br/>at org.testng.SuiteRunner.runSequentially(SuiteRunner.java:329)
<br/>at org.testng.SuiteRunner.privateRun(SuiteRunner.java:291)
<br/>at org.testng.SuiteRunner.run(SuiteRunner.java:240)
<br/>at org.testng.SuiteRunnerWorker.runSuite(SuiteRunnerWorker.java:52)
<br/>at org.testng.SuiteRunnerWorker.run(SuiteRunnerWorker.java:86)
<br/>at org.testng.TestNG.runSuitesSequentially(TestNG.java:1198)
<br/>at org.testng.TestNG.runSuitesLocally(TestNG.java:1123)
<br/>at org.testng.TestNG.run(TestNG.java:1031)
<br/>at org.apache.maven.surefire.testng.TestNGExecutor.run(TestNGExecutor.java:283)
<br/>at org.apache.maven.surefire.testng.TestNGXmlTestSuite.execute(TestNGXmlTestSuite.java:75)
<br/>at org.apache.maven.surefire.testng.TestNGProvider.invoke(TestNGProvider.java:120)
<br/>at org.apache.maven.surefire.booter.ForkedBooter.invokeProviderInSameClassLoader(ForkedBooter.java:383)
<br/>at org.apache.maven.surefire.booter.ForkedBooter.runSuitesInProcess(ForkedBooter.java:344)
<br/>at org.apache.maven.surefire.booter.ForkedBooter.execute(ForkedBooter.java:125)
<br/>at org.apache.maven.surefire.booter.ForkedBooter.main(ForkedBooter.java:417)
<br/>1 lines not shown
</td></tr>
</table>
<p class="totop"><a href="#summary">back to summary</a></p>
<h2 id="m2">script.VerifyProductVersion_Test:closeApp</h2>
<table cellspacing="0" cellpadding="0" class="result">
<tr class="param"><th>Parameter #1</th></tr>
<tr class="param stripe"><td>[TestResult name=testProductVerson status=SKIP method=VerifyProductVersion_Test.testProductVerson()[pri:0, instance:script.VerifyProductVersion_Test@3b81a1bc] output={null}]</td>
</tr>
<tr><td style="padding-left:3em" colspan="1">
<h3>Test Messages</h3>
testProductVerson is FAILED<br/>
<h3>Failure</h3>
<p>null</p>
generic.BaseTest.closeApp(BaseTest.java:45)
<br/>at sun.reflect.NativeMethodAccessorImpl.invoke0(Native Method)
<br/>at sun.reflect.NativeMethodAccessorImpl.invoke(NativeMethodAccessorImpl.java:62)
<br/>at sun.reflect.DelegatingMethodAccessorImpl.invoke(DelegatingMethodAccessorImpl.java:43)
<br/>at java.lang.reflect.Method.invoke(Method.java:498)
<br/>at org.testng.internal.MethodInvocationHelper.invokeMethod(MethodInvocationHelper.java:80)
<br/>at org.testng.internal.Invoker.invokeConfigurationMethod(Invoker.java:564)
<br/>at org.testng.internal.Invoker.invokeConfigurations(Invoker.java:213)
<br/>at org.testng.internal.Invoker.invokeMethod(Invoker.java:786)
<br/>at org.testng.internal.Invoker.invokeTestMethod(Invoker.java:901)
<br/>at org.testng.internal.Invoker.invokeTestMethods(Invoker.java:1231)
<br/>at org.testng.internal.TestMethodWorker.invokeTestMethods(TestMethodWorker.java:127)
<br/>at org.testng.internal.TestMethodWorker.run(TestMethodWorker.java:111)
<br/>at org.testng.TestRunner.privateRun(TestRunner.java:767)
<br/>at org.testng.TestRunner.run(TestRunner.java:617)
<br/>at org.testng.SuiteRunner.runTest(SuiteRunner.java:334)
<br/>at org.testng.SuiteRunner.runSequentially(SuiteRunner.java:329)
<br/>at org.testng.SuiteRunner.privateRun(SuiteRunner.java:291)
<br/>at org.testng.SuiteRunner.run(SuiteRunner.java:240)
<br/>at org.testng.SuiteRunnerWorker.runSuite(SuiteRunnerWorker.java:52)
<br/>at org.testng.SuiteRunnerWorker.run(SuiteRunnerWorker.java:86)
<br/>at org.testng.TestNG.runSuitesSequentially(TestNG.java:1198)
<br/>at org.testng.TestNG.runSuitesLocally(TestNG.java:1123)
<br/>at org.testng.TestNG.run(TestNG.java:1031)
<br/>at org.apache.maven.surefire.testng.TestNGExecutor.run(TestNGExecutor.java:283)
<br/>at org.apache.maven.surefire.testng.TestNGXmlTestSuite.execute(TestNGXmlTestSuite.java:75)
<br/>at org.apache.maven.surefire.testng.TestNGProvider.invoke(TestNGProvider.java:120)
<br/>at org.apache.maven.surefire.booter.ForkedBooter.invokeProviderInSameClassLoader(ForkedBooter.java:383)
<br/>at org.apache.maven.surefire.booter.ForkedBooter.runSuitesInProcess(ForkedBooter.java:344)
<br/>at org.apache.maven.surefire.booter.ForkedBooter.execute(ForkedBooter.java:125)
<br/>at org.apache.maven.surefire.booter.ForkedBooter.main(ForkedBooter.java:417)
<br/>1 lines not shown
</td></tr>
</table>
<p class="totop"><a href="#summary">back to summary</a></p>
<h2 id="m3">script.VerifyProductVersion_Test:openApp</h2>
<div style="padding-left:3em">
<p>session not created
from disconnected: received Inspector.detached event
  (Session info: chrome=69.0.3497.100)
  (Driver info: chromedriver=2.42.591088 (7b2b2dca23cca0862f674758c9a3933e685c27d5),platform=Windows NT 10.0.15063 x86_64) (WARNING: The server did not provide any stacktrace information)
Command duration or timeout: 5.02 seconds
Build info: version: &apos;3.14.0&apos;, revision: &apos;aacccce0&apos;, time: &apos;2018-08-02T20:19:58.91Z&apos;
System info: host: &apos;BLRIDC30195282&apos;, ip: &apos;192.168.43.78&apos;, os.name: &apos;Windows 10&apos;, os.arch: &apos;amd64&apos;, os.version: &apos;10.0&apos;, java.version: &apos;1.8.0_141&apos;
Driver info: driver.version: ChromeDriver</p>
sun.reflect.NativeConstructorAccessorImpl.newInstance0(Native Method)
<br/>at sun.reflect.NativeConstructorAccessorImpl.newInstance(NativeConstructorAccessorImpl.java:62)
<br/>at sun.reflect.DelegatingConstructorAccessorImpl.newInstance(DelegatingConstructorAccessorImpl.java:45)
<br/>at java.lang.reflect.Constructor.newInstance(Constructor.java:423)
<br/>at org.openqa.selenium.remote.ErrorHandler.createThrowable(ErrorHandler.java:214)
<br/>at org.openqa.selenium.remote.ErrorHandler.throwIfResponseFailed(ErrorHandler.java:166)
<br/>at org.openqa.selenium.remote.JsonWireProtocolResponse.lambda$new$0(JsonWireProtocolResponse.java:53)
<br/>at org.openqa.selenium.remote.JsonWireProtocolResponse.lambda$getResponseFunction$2(JsonWireProtocolResponse.java:91)
<br/>at org.openqa.selenium.remote.ProtocolHandshake.lambda$createSession$0(ProtocolHandshake.java:122)
<br/>at java.util.stream.ReferencePipeline$3$1.accept(ReferencePipeline.java:193)
<br/>at java.util.Spliterators$ArraySpliterator.tryAdvance(Spliterators.java:958)
<br/>at java.util.stream.ReferencePipeline.forEachWithCancel(ReferencePipeline.java:126)
<br/>at java.util.stream.AbstractPipeline.copyIntoWithCancel(AbstractPipeline.java:498)
<br/>at java.util.stream.AbstractPipeline.copyInto(AbstractPipeline.java:485)
<br/>at java.util.stream.AbstractPipeline.wrapAndCopyInto(AbstractPipeline.java:471)
<br/>at java.util.stream.FindOps$FindOp.evaluateSequential(FindOps.java:152)
<br/>at java.util.stream.AbstractPipeline.evaluate(AbstractPipeline.java:234)
<br/>at java.util.stream.ReferencePipeline.findFirst(ReferencePipeline.java:464)
<br/>at org.openqa.selenium.remote.ProtocolHandshake.createSession(ProtocolHandshake.java:125)
<br/>at org.openqa.selenium.remote.ProtocolHandshake.createSession(ProtocolHandshake.java:73)
<br/>at org.openqa.selenium.remote.HttpCommandExecutor.execute(HttpCommandExecutor.java:136)
<br/>at org.openqa.selenium.remote.service.DriverCommandExecutor.execute(DriverCommandExecutor.java:83)
<br/>at org.openqa.selenium.remote.RemoteWebDriver.execute(RemoteWebDriver.java:548)
<br/>at org.openqa.selenium.remote.RemoteWebDriver.startSession(RemoteWebDriver.java:212)
<br/>at org.openqa.selenium.remote.RemoteWebDriver.&lt;init&gt;(RemoteWebDriver.java:130)
<br/>at org.openqa.selenium.chrome.ChromeDriver.&lt;init&gt;(ChromeDriver.java:181)
<br/>at org.openqa.selenium.chrome.ChromeDriver.&lt;init&gt;(ChromeDriver.java:168)
<br/>at org.openqa.selenium.chrome.ChromeDriver.&lt;init&gt;(ChromeDriver.java:123)
<br/>at generic.BaseTest.openApp(BaseTest.java:26)
<br/>at sun.reflect.NativeMethodAccessorImpl.invoke0(Native Method)
<br/>at sun.reflect.NativeMethodAccessorImpl.invoke(NativeMethodAccessorImpl.java:62)
<br/>at sun.reflect.DelegatingMethodAccessorImpl.invoke(DelegatingMethodAccessorImpl.java:43)
<br/>at java.lang.reflect.Method.invoke(Method.java:498)
<br/>at org.testng.internal.MethodInvocationHelper.invokeMethod(MethodInvocationHelper.java:80)
<br/>at org.testng.internal.Invoker.invokeConfigurationMethod(Invoker.java:564)
<br/>at org.testng.internal.Invoker.invokeConfigurations(Invoker.java:213)
<br/>at org.testng.internal.Invoker.invokeMethod(Invoker.java:653)
<br/>at org.testng.internal.Invoker.invokeTestMethod(Invoker.java:901)
<br/>at org.testng.internal.Invoker.invokeTestMethods(Invoker.java:1231)
<br/>at org.testng.internal.TestMethodWorker.invokeTestMethods(TestMethodWorker.java:127)
<br/>at org.testng.internal.TestMethodWorker.run(TestMethodWorker.java:111)
<br/>at org.testng.TestRunner.privateRun(TestRunner.java:767)
<br/>at org.testng.TestRunner.run(TestRunner.java:617)
<br/>at org.testng.SuiteRunner.runTest(SuiteRunner.java:334)
<br/>at org.testng.SuiteRunner.runSequentially(SuiteRunner.java:329)
<br/>at org.testng.SuiteRunner.privateRun(SuiteRunner.java:291)
<br/>at org.testng.SuiteRunner.run(SuiteRunner.java:240)
<br/>at org.testng.SuiteRunnerWorker.runSuite(SuiteRunnerWorker.java:52)
<br/>at org.testng.SuiteRunnerWorker.run(SuiteRunnerWorker.java:86)
<br/>at org.testng.TestNG.runSuitesSequentially(TestNG.java:1198)
<br/>at org.testng.TestNG.runSuitesLocally(TestNG.java:1123)
<br/>at org.testng.TestNG.run(TestNG.java:1031)
<br/>at org.apache.maven.surefire.testng.TestNGExecutor.run(TestNGExecutor.java:283)
<br/>at org.apache.maven.surefire.testng.TestNGXmlTestSuite.execute(TestNGXmlTestSuite.java:75)
<br/>at org.apache.maven.surefire.testng.TestNGProvider.invoke(TestNGProvider.java:120)
<br/>at org.apache.maven.surefire.booter.ForkedBooter.invokeProviderInSameClassLoader(ForkedBooter.java:383)
<br/>at org.apache.maven.surefire.booter.ForkedBooter.runSuitesInProcess(ForkedBooter.java:344)
<br/>at org.apache.maven.surefire.booter.ForkedBooter.execute(ForkedBooter.java:125)
<br/>at org.apache.maven.surefire.booter.ForkedBooter.main(ForkedBooter.java:417)
<br/>1 lines not shown
</div>
<p class="totop"><a href="#summary">back to summary</a></p>
<h2 id="m4">script.ValidLogin_Test:testValidLogin</h2>
<div style="padding-left:3em">
<p>chrome not reachable
  (Session info: chrome=69.0.3497.100)
  (Driver info: chromedriver=2.42.591088 (7b2b2dca23cca0862f674758c9a3933e685c27d5),platform=Windows NT 10.0.15063 x86_64) (WARNING: The server did not provide any stacktrace information)
Command duration or timeout: 0 milliseconds
Build info: version: &apos;3.14.0&apos;, revision: &apos;aacccce0&apos;, time: &apos;2018-08-02T20:19:58.91Z&apos;
System info: host: &apos;BLRIDC30195282&apos;, ip: &apos;192.168.43.78&apos;, os.name: &apos;Windows 10&apos;, os.arch: &apos;amd64&apos;, os.version: &apos;10.0&apos;, java.version: &apos;1.8.0_141&apos;
Driver info: org.openqa.selenium.chrome.ChromeDriver
Capabilities {acceptInsecureCerts: false, acceptSslCerts: false, applicationCacheEnabled: false, browserConnectionEnabled: false, browserName: chrome, chrome: {chromedriverVersion: 2.42.591088 (7b2b2dca23cca0..., userDataDir: C:\Users\30195282\AppData\L...}, cssSelectorsEnabled: true, databaseEnabled: false, goog:chromeOptions: {debuggerAddress: localhost:57909}, handlesAlerts: true, hasTouchScreen: false, javascriptEnabled: true, locationContextEnabled: true, mobileEmulationEnabled: false, nativeEvents: true, networkConnectionEnabled: false, pageLoadStrategy: normal, platform: XP, platformName: XP, rotatable: false, setWindowRect: true, takesHeapSnapshot: true, takesScreenshot: true, unexpectedAlertBehaviour: , unhandledPromptBehavior: , version: 69.0.3497.100, webStorageEnabled: true}
Session ID: d13b288e6294ecb2c74693120ca45c99
*** Element info: {Using=id, value=username}</p>
sun.reflect.NativeConstructorAccessorImpl.newInstance0(Native Method)
<br/>at sun.reflect.NativeConstructorAccessorImpl.newInstance(NativeConstructorAccessorImpl.java:62)
<br/>at sun.reflect.DelegatingConstructorAccessorImpl.newInstance(DelegatingConstructorAccessorImpl.java:45)
<br/>at java.lang.reflect.Constructor.newInstance(Constructor.java:423)
<br/>at org.openqa.selenium.remote.ErrorHandler.createThrowable(ErrorHandler.java:214)
<br/>at org.openqa.selenium.remote.ErrorHandler.throwIfResponseFailed(ErrorHandler.java:166)
<br/>at org.openqa.selenium.remote.http.JsonHttpResponseCodec.reconstructValue(JsonHttpResponseCodec.java:40)
<br/>at org.openqa.selenium.remote.http.AbstractHttpResponseCodec.decode(AbstractHttpResponseCodec.java:80)
<br/>at org.openqa.selenium.remote.http.AbstractHttpResponseCodec.decode(AbstractHttpResponseCodec.java:44)
<br/>at org.openqa.selenium.remote.HttpCommandExecutor.execute(HttpCommandExecutor.java:158)
<br/>at org.openqa.selenium.remote.service.DriverCommandExecutor.execute(DriverCommandExecutor.java:83)
<br/>at org.openqa.selenium.remote.RemoteWebDriver.execute(RemoteWebDriver.java:548)
<br/>at org.openqa.selenium.remote.RemoteWebDriver.findElement(RemoteWebDriver.java:322)
<br/>at org.openqa.selenium.remote.RemoteWebDriver.findElementById(RemoteWebDriver.java:368)
<br/>at org.openqa.selenium.By$ById.findElement(By.java:188)
<br/>at org.openqa.selenium.remote.RemoteWebDriver.findElement(RemoteWebDriver.java:314)
<br/>at org.openqa.selenium.support.pagefactory.DefaultElementLocator.findElement(DefaultElementLocator.java:69)
<br/>at org.openqa.selenium.support.pagefactory.internal.LocatingElementHandler.invoke(LocatingElementHandler.java:38)
<br/>at com.sun.proxy.$Proxy7.sendKeys(Unknown Source)
<br/>at page.LoginPage.setuserName(LoginPage.java:27)
<br/>at script.ValidLogin_Test.testValidLogin(ValidLogin_Test.java:19)
<br/>29 lines not shown
</div>
<p class="totop"><a href="#summary">back to summary</a></p>
<h2 id="m5">script.InvalidLogin_Test:openApp</h2>
<p class="totop"><a href="#summary">back to summary</a></p>
<h2 id="m6">script.VerifyProductVersion_Test:testProductVerson</h2>
<p class="totop"><a href="#summary">back to summary</a></p>
<h2 id="m7">script.InvalidLogin_Test:testInvalidLogin</h2>
<p class="totop"><a href="#summary">back to summary</a></p>
</body></html>
